<?xml version="1.0" encoding="UTF-8"?>
<!-- Generated by org.testng.reporters.JUnitXMLReporter -->
<testsuite ignored="0" hostname="DESKTOP-7C2U4LA" failures="1" tests="2" name="Test" time="35.938" errors="0" timestamp="2025-06-16T16:31:48 EEST">
  <testcase classname="testCases.TC_AccountRegistration_001" name="verify_account_registration" time="4.992"/>
  <testcase classname="testCases.TC_LoginTest_002" name="verifyLogin" time="12.625">
    <failure type="java.lang.AssertionError" message="expected [true] but found [false]">
      <![CDATA[java.lang.AssertionError: expected [true] but found [false]
at testCases.TC_LoginTest_002.verifyLogin(TC_LoginTest_002.java:36)
at java.base/java.util.ArrayList.forEach(ArrayList.java:1597)
... Removed 29 stack frames]]>
    </failure>
  </testcase> <!-- verifyLogin -->
</testsuite> <!-- Test -->
