<?xml version="1.0" encoding="UTF-8"?>
<testng-results ignored="0" total="2" passed="2" failed="0" skipped="0">
  <reporter-output>
  </reporter-output>
  <suite started-at="2025-06-19T12:21:56 EEST" name="Master Suite" finished-at="2025-06-19T12:22:22 EEST" duration-ms="26007">
    <groups>
      <group name="Master">
        <method signature="TC_AccountRegistration_001.verify_account_registration()[pri:0, instance:testCases.TC_AccountRegistration_001@1bb5a082]" name="verify_account_registration" class="testCases.TC_AccountRegistration_001"/>
        <method signature="TC_LoginTest_002.verifyLogin()[pri:0, instance:testCases.TC_LoginTest_002@515c6049]" name="verifyLogin" class="testCases.TC_LoginTest_002"/>
      </group> <!-- Master -->
      <group name="Sanity">
        <method signature="TC_LoginTest_002.verifyLogin()[pri:0, instance:testCases.TC_LoginTest_002@515c6049]" name="verifyLogin" class="testCases.TC_LoginTest_002"/>
      </group> <!-- Sanity -->
      <group name="Regression">
        <method signature="TC_AccountRegistration_001.verify_account_registration()[pri:0, instance:testCases.TC_AccountRegistration_001@1bb5a082]" name="verify_account_registration" class="testCases.TC_AccountRegistration_001"/>
      </group> <!-- Regression -->
    </groups>
    <test started-at="2025-06-19T12:21:56 EEST" name="Test" finished-at="2025-06-19T12:22:22 EEST" duration-ms="26007">
      <class name="testCases.TC_AccountRegistration_001">
        <test-method is-config="true" signature="setup(java.lang.String,java.lang.String)[pri:0, instance:testCases.TC_AccountRegistration_001@1bb5a082]" started-at="2025-06-19T12:21:56 EEST" name="setup" finished-at="2025-06-19T12:22:04 EEST" duration-ms="7693" status="PASS">
          <params>
            <param index="0">
              <value>
                <![CDATA[Windows]]>
              </value>
            </param>
            <param index="1">
              <value>
                <![CDATA[chrome]]>
              </value>
            </param>
          </params>
          <reporter-output>
          </reporter-output>
        </test-method> <!-- setup -->
        <test-method signature="verify_account_registration()[pri:0, instance:testCases.TC_AccountRegistration_001@1bb5a082]" started-at="2025-06-19T12:22:04 EEST" name="verify_account_registration" finished-at="2025-06-19T12:22:09 EEST" duration-ms="5025" status="PASS">
          <reporter-output>
          </reporter-output>
        </test-method> <!-- verify_account_registration -->
        <test-method is-config="true" signature="tearDown()[pri:0, instance:testCases.TC_AccountRegistration_001@1bb5a082]" started-at="2025-06-19T12:22:09 EEST" name="tearDown" finished-at="2025-06-19T12:22:10 EEST" duration-ms="892" status="PASS">
          <reporter-output>
          </reporter-output>
        </test-method> <!-- tearDown -->
      </class> <!-- testCases.TC_AccountRegistration_001 -->
      <class name="testCases.TC_LoginTest_002">
        <test-method is-config="true" signature="setup(java.lang.String,java.lang.String)[pri:0, instance:testCases.TC_LoginTest_002@515c6049]" started-at="2025-06-19T12:22:10 EEST" name="setup" finished-at="2025-06-19T12:22:18 EEST" duration-ms="8460" status="PASS">
          <params>
            <param index="0">
              <value>
                <![CDATA[Windows]]>
              </value>
            </param>
            <param index="1">
              <value>
                <![CDATA[chrome]]>
              </value>
            </param>
          </params>
          <reporter-output>
          </reporter-output>
        </test-method> <!-- setup -->
        <test-method signature="verifyLogin()[pri:0, instance:testCases.TC_LoginTest_002@515c6049]" started-at="2025-06-19T12:22:18 EEST" name="verifyLogin" finished-at="2025-06-19T12:22:21 EEST" duration-ms="2894" status="PASS">
          <reporter-output>
          </reporter-output>
        </test-method> <!-- verifyLogin -->
        <test-method is-config="true" signature="tearDown()[pri:0, instance:testCases.TC_LoginTest_002@515c6049]" started-at="2025-06-19T12:22:21 EEST" name="tearDown" finished-at="2025-06-19T12:22:22 EEST" duration-ms="488" status="PASS">
          <reporter-output>
          </reporter-output>
        </test-method> <!-- tearDown -->
      </class> <!-- testCases.TC_LoginTest_002 -->
    </test> <!-- Test -->
  </suite> <!-- Master Suite -->
</testng-results>
